<?xml version="1.0" encoding="UTF-8"?>
<!-- Generated by org.testng.reporters.JUnitReportReporter -->
<testsuite hostname="Shaan" failures="0" tests="1" name="org.flipkart.ProductAdd.InsertProductInCart" time="8.103" errors="0" timestamp="2022-09-30T21:43:35 IST" skipped="0">
  <testcase classname="org.flipkart.ProductAdd.InsertProductInCart" name="AddProductToCart" time="8.103"/>
  <system-out/>
</testsuite> <!-- org.flipkart.ProductAdd.InsertProductInCart -->
